0 info it worked if it ends with ok
1 verbose cli [ '/usr/local/bin/node', '/usr/local/bin/npm', 'info' ]
2 info using npm@4.1.2
3 info using node@v7.5.0
4 silly mapToRegistry name react-webpack-boileplate
5 silly mapToRegistry using default registry
6 silly mapToRegistry registry https://registry.npmjs.org/
7 silly mapToRegistry data Result {
7 silly mapToRegistry   raw: 'react-webpack-boileplate',
7 silly mapToRegistry   scope: null,
7 silly mapToRegistry   escapedName: 'react-webpack-boileplate',
7 silly mapToRegistry   name: 'react-webpack-boileplate',
7 silly mapToRegistry   rawSpec: '',
7 silly mapToRegistry   spec: 'latest',
7 silly mapToRegistry   type: 'tag' }
8 silly mapToRegistry uri https://registry.npmjs.org/react-webpack-boileplate
9 verbose request uri https://registry.npmjs.org/react-webpack-boileplate
10 verbose request no auth needed
11 info attempt registry request try #1 at 1:10:15 AM
12 verbose request id b6786b603ef53c19
13 http request GET https://registry.npmjs.org/react-webpack-boileplate
14 http 404 https://registry.npmjs.org/react-webpack-boileplate
15 verbose headers { 'content-type': 'application/json',
15 verbose headers   'cache-control': 'max-age=0',
15 verbose headers   'content-length': '2',
15 verbose headers   'accept-ranges': 'bytes',
15 verbose headers   date: 'Fri, 28 Apr 2017 22:10:15 GMT',
15 verbose headers   via: '1.1 varnish',
15 verbose headers   age: '0',
15 verbose headers   connection: 'keep-alive',
15 verbose headers   'x-served-by': 'cache-hhn1520-HHN',
15 verbose headers   'x-cache': 'MISS',
15 verbose headers   'x-cache-hits': '0',
15 verbose headers   'x-timer': 'S1493417415.358263,VS0,VE396',
15 verbose headers   vary: 'Accept-Encoding' }
16 silly get cb [ 404,
16 silly get   { 'content-type': 'application/json',
16 silly get     'cache-control': 'max-age=0',
16 silly get     'content-length': '2',
16 silly get     'accept-ranges': 'bytes',
16 silly get     date: 'Fri, 28 Apr 2017 22:10:15 GMT',
16 silly get     via: '1.1 varnish',
16 silly get     age: '0',
16 silly get     connection: 'keep-alive',
16 silly get     'x-served-by': 'cache-hhn1520-HHN',
16 silly get     'x-cache': 'MISS',
16 silly get     'x-cache-hits': '0',
16 silly get     'x-timer': 'S1493417415.358263,VS0,VE396',
16 silly get     vary: 'Accept-Encoding' } ]
17 verbose stack Error: Registry returned 404 for GET on https://registry.npmjs.org/react-webpack-boileplate
17 verbose stack     at makeError (/usr/local/lib/node_modules/npm/node_modules/npm-registry-client/lib/request.js:304:12)
17 verbose stack     at CachingRegistryClient.<anonymous> (/usr/local/lib/node_modules/npm/node_modules/npm-registry-client/lib/request.js:282:14)
17 verbose stack     at Request._callback (/usr/local/lib/node_modules/npm/node_modules/npm-registry-client/lib/request.js:212:14)
17 verbose stack     at Request.self.callback (/usr/local/lib/node_modules/npm/node_modules/request/request.js:186:22)
17 verbose stack     at emitTwo (events.js:106:13)
17 verbose stack     at Request.emit (events.js:192:7)
17 verbose stack     at Request.<anonymous> (/usr/local/lib/node_modules/npm/node_modules/request/request.js:1081:10)
17 verbose stack     at emitOne (events.js:96:13)
17 verbose stack     at Request.emit (events.js:189:7)
17 verbose stack     at IncomingMessage.<anonymous> (/usr/local/lib/node_modules/npm/node_modules/request/request.js:1001:12)
18 verbose statusCode 404
19 verbose pkgid react-webpack-boileplate
20 verbose cwd /lightway-web/react-boilerplate
21 error Darwin 16.3.0
22 error argv "/usr/local/bin/node" "/usr/local/bin/npm" "info"
23 error node v7.5.0
24 error npm  v4.1.2
25 error code E404
26 error 404 Registry returned 404 for GET on https://registry.npmjs.org/react-webpack-boileplate
27 error 404
28 error 404 'react-webpack-boileplate' is not in the npm registry.
29 error 404 You should bug the author to publish it (or use the name yourself!)
30 error 404 Note that you can also install from a
31 error 404 tarball, folder, http url, or git url.
32 verbose exit [ 1, true ]
